<?xml version="1.0" encoding="UTF-8"?>
<!-- Generated by org.testng.reporters.JUnitReportReporter -->
<testsuite skipped="2" hostname="Abhay-PC" name="testcases.LoginPageTest3" tests="3" failures="0" timestamp="2020-01-28T20:22:31 IST" time="19.708" errors="1">
  <testcase name="setUp" time="19.708" classname="testcases.LoginPageTest3">
    <error type="org.openqa.selenium.WebDriverException" message="unknown error: Chrome failed to start: exited normally
  (unknown error: DevToolsActivePort file doesn&#039;t exist)
  (The process started from chrome location C:\Program Files (x86)\Google\Chrome\Application\chrome.exe is no longer running, so ChromeDriver is assuming that Chrome has crashed.)
Build info: version: &#039;3.14.0&#039;, revision: &#039;aacccce0&#039;, time: &#039;2018-08-02T20:19:58.91Z&#039;
System info: host: &#039;ABHAY-PC&#039;, ip: &#039;192.168.43.190&#039;, os.name: &#039;Windows 7&#039;, os.arch: &#039;amd64&#039;, os.version: &#039;6.1&#039;, java.version: &#039;1.8.0_221&#039;
Driver info: driver.version: ChromeDriver
remote stacktrace: Backtrace:
	Ordinal0 [0x010EA113+1548563]
	Ordinal0 [0x0106DDA1+1039777]
	Ordinal0 [0x00FEE485+517253]
	Ordinal0 [0x00F7CB98+52120]
	Ordinal0 [0x00F9B797+178071]
	Ordinal0 [0x00F9B59D+177565]
	Ordinal0 [0x00F995FB+169467]
	Ordinal0 [0x00F8160A+71178]
	Ordinal0 [0x00F82690+75408]
	Ordinal0 [0x00F82629+75305]
	Ordinal0 [0x010871B7+1143223]
	GetHandleVerifier [0x01182B46+507814]
	GetHandleVerifier [0x01182864+507076]
	GetHandleVerifier [0x01189F47+537511]
	GetHandleVerifier [0x01183402+510050]
	Ordinal0 [0x0107F29C+1110684]
	Ordinal0 [0x0108938B+1151883]
	Ordinal0 [0x010894F3+1152243]
	Ordinal0 [0x010883F5+1147893]
	BaseThreadInitThunk [0x7498338A+18]
	RtlInitializeExceptionChain [0x76F59A02+99]
	RtlInitializeExceptionChain [0x76F599D5+54]
">
      <![CDATA[org.openqa.selenium.WebDriverException: unknown error: Chrome failed to start: exited normally
  (unknown error: DevToolsActivePort file doesn't exist)
  (The process started from chrome location C:\Program Files (x86)\Google\Chrome\Application\chrome.exe is no longer running, so ChromeDriver is assuming that Chrome has crashed.)
Build info: version: '3.14.0', revision: 'aacccce0', time: '2018-08-02T20:19:58.91Z'
System info: host: 'ABHAY-PC', ip: '192.168.43.190', os.name: 'Windows 7', os.arch: 'amd64', os.version: '6.1', java.version: '1.8.0_221'
Driver info: driver.version: ChromeDriver
remote stacktrace: Backtrace:
Ordinal0 [0x010EA113+1548563]
Ordinal0 [0x0106DDA1+1039777]
Ordinal0 [0x00FEE485+517253]
Ordinal0 [0x00F7CB98+52120]
Ordinal0 [0x00F9B797+178071]
Ordinal0 [0x00F9B59D+177565]
Ordinal0 [0x00F995FB+169467]
Ordinal0 [0x00F8160A+71178]
Ordinal0 [0x00F82690+75408]
Ordinal0 [0x00F82629+75305]
Ordinal0 [0x010871B7+1143223]
GetHandleVerifier [0x01182B46+507814]
GetHandleVerifier [0x01182864+507076]
GetHandleVerifier [0x01189F47+537511]
GetHandleVerifier [0x01183402+510050]
Ordinal0 [0x0107F29C+1110684]
Ordinal0 [0x0108938B+1151883]
Ordinal0 [0x010894F3+1152243]
Ordinal0 [0x010883F5+1147893]
BaseThreadInitThunk [0x7498338A+18]
RtlInitializeExceptionChain [0x76F59A02+99]
RtlInitializeExceptionChain [0x76F599D5+54]

at sun.reflect.NativeConstructorAccessorImpl.newInstance0(Native Method)
at sun.reflect.NativeConstructorAccessorImpl.newInstance(NativeConstructorAccessorImpl.java:62)
at sun.reflect.DelegatingConstructorAccessorImpl.newInstance(DelegatingConstructorAccessorImpl.java:45)
at java.lang.reflect.Constructor.newInstance(Constructor.java:423)
at org.openqa.selenium.remote.W3CHandshakeResponse.lambda$new$0(W3CHandshakeResponse.java:57)
at org.openqa.selenium.remote.W3CHandshakeResponse.lambda$getResponseFunction$2(W3CHandshakeResponse.java:104)
at org.openqa.selenium.remote.ProtocolHandshake.lambda$createSession$0(ProtocolHandshake.java:122)
at java.util.stream.ReferencePipeline$3$1.accept(ReferencePipeline.java:193)
at java.util.Spliterators$ArraySpliterator.tryAdvance(Spliterators.java:958)
at java.util.stream.ReferencePipeline.forEachWithCancel(ReferencePipeline.java:126)
at java.util.stream.AbstractPipeline.copyIntoWithCancel(AbstractPipeline.java:499)
at java.util.stream.AbstractPipeline.copyInto(AbstractPipeline.java:486)
at java.util.stream.AbstractPipeline.wrapAndCopyInto(AbstractPipeline.java:472)
at java.util.stream.FindOps$FindOp.evaluateSequential(FindOps.java:152)
at java.util.stream.AbstractPipeline.evaluate(AbstractPipeline.java:234)
at java.util.stream.ReferencePipeline.findFirst(ReferencePipeline.java:464)
at org.openqa.selenium.remote.ProtocolHandshake.createSession(ProtocolHandshake.java:125)
at org.openqa.selenium.remote.ProtocolHandshake.createSession(ProtocolHandshake.java:73)
at org.openqa.selenium.remote.HttpCommandExecutor.execute(HttpCommandExecutor.java:136)
at org.openqa.selenium.remote.service.DriverCommandExecutor.execute(DriverCommandExecutor.java:83)
at org.openqa.selenium.remote.RemoteWebDriver.execute(RemoteWebDriver.java:548)
at org.openqa.selenium.remote.RemoteWebDriver.startSession(RemoteWebDriver.java:212)
at org.openqa.selenium.remote.RemoteWebDriver.<init>(RemoteWebDriver.java:130)
at org.openqa.selenium.chrome.ChromeDriver.<init>(ChromeDriver.java:181)
at org.openqa.selenium.chrome.ChromeDriver.<init>(ChromeDriver.java:168)
at org.openqa.selenium.chrome.ChromeDriver.<init>(ChromeDriver.java:123)
at utility.BrowserFactory2.browserSetUp(BrowserFactory2.java:14)
at testcases.LoginPageTest3.setUp(LoginPageTest3.java:17)
at sun.reflect.NativeMethodAccessorImpl.invoke0(Native Method)
at sun.reflect.NativeMethodAccessorImpl.invoke(NativeMethodAccessorImpl.java:62)
at sun.reflect.DelegatingMethodAccessorImpl.invoke(DelegatingMethodAccessorImpl.java:43)
at java.lang.reflect.Method.invoke(Method.java:498)
at org.testng.internal.MethodInvocationHelper.invokeMethod(MethodInvocationHelper.java:133)
at org.testng.internal.MethodInvocationHelper.invokeMethodConsideringTimeout(MethodInvocationHelper.java:62)
at org.testng.internal.ConfigInvoker.invokeConfigurationMethod(ConfigInvoker.java:340)
at org.testng.internal.ConfigInvoker.invokeConfigurations(ConfigInvoker.java:294)
at org.testng.SuiteRunner.privateRun(SuiteRunner.java:345)
at org.testng.SuiteRunner.run(SuiteRunner.java:304)
at org.testng.SuiteRunnerWorker.runSuite(SuiteRunnerWorker.java:53)
at org.testng.SuiteRunnerWorker.run(SuiteRunnerWorker.java:96)
at org.testng.TestNG.runSuitesSequentially(TestNG.java:1180)
at org.testng.TestNG.runSuitesLocally(TestNG.java:1102)
at org.testng.TestNG.runSuites(TestNG.java:1032)
at org.testng.TestNG.run(TestNG.java:1000)
at org.testng.remote.AbstractRemoteTestNG.run(AbstractRemoteTestNG.java:115)
at org.testng.remote.RemoteTestNG.initAndRun(RemoteTestNG.java:251)
at org.testng.remote.RemoteTestNG.main(RemoteTestNG.java:77)
]]>
    </error>
  </testcase> <!-- setUp -->
  <testcase name="verifyLoginPageTitleTest" time="0.000" classname="testcases.LoginPageTest3">
    <skipped/>
  </testcase> <!-- verifyLoginPageTitleTest -->
  <testcase name="verifyLoginIntoAnApplicationTest" time="0.000" classname="testcases.LoginPageTest3">
    <skipped/>
  </testcase> <!-- verifyLoginIntoAnApplicationTest -->
</testsuite> <!-- testcases.LoginPageTest3 -->
